<?xml version="1.0" encoding="UTF-8"?>
<!-- Generated by org.testng.reporters.JUnitXMLReporter -->
<testsuite ignored="0" hostname="AliyaVasu" failures="0" tests="12" name="Default test" time="62.777" errors="0" timestamp="2023-05-02T23:01:09 IST">
  <testcase classname="com.OrangeHRM.TS3" name="TC001" time="0.916"/>
  <testcase classname="com.OrangeHRM.TS3" name="TC002" time="0.555"/>
  <testcase classname="com.OrangeHRM.TS3" name="TC003" time="0.565"/>
  <testcase classname="com.OrangeHRM.TS3" name="TC004" time="0.55"/>
  <testcase classname="com.OrangeHRM.TS3" name="TC005" time="0.563"/>
  <testcase classname="com.OrangeHRM.TS3" name="TC006" time="0.433"/>
  <testcase classname="com.OrangeHRM.TS3" name="TC007" time="4.449"/>
  <testcase classname="com.OrangeHRM.TS3" name="TC008" time="2.174"/>
  <testcase classname="com.OrangeHRM.TS3" name="TC009" time="3.006"/>
  <testcase classname="com.OrangeHRM.TS3" name="TC010" time="5.038"/>
  <testcase classname="com.OrangeHRM.TS3" name="TC011" time="2.881"/>
  <testcase classname="com.OrangeHRM.TS3" name="TC012" time="2.303"/>
</testsuite> <!-- Default test -->
