<?xml version="1.0" encoding="UTF-8"?>
<!-- Generated by org.testng.reporters.JUnitXMLReporter -->
<testsuite ignored="0" hostname="AliyaVasu" failures="0" tests="50" name="My Test" time="293.86" errors="0" timestamp="2023-05-02T23:06:12 IST">
  <testcase classname="com.OrangeHRM.TS1" name="Test1" time="0.025"/>
  <testcase classname="com.OrangeHRM.TS1" name="Test2" time="5.729"/>
  <testcase classname="com.OrangeHRM.TS1" name="Test3" time="0.064"/>
  <testcase classname="com.OrangeHRM.TS1" name="Test4" time="0.065"/>
  <testcase classname="com.OrangeHRM.TS1" name="Test5" time="0.072"/>
  <testcase classname="com.OrangeHRM.TS2" name="TC001" time="2.51"/>
  <testcase classname="com.OrangeHRM.TS2" name="TC002" time="2.5"/>
  <testcase classname="com.OrangeHRM.TS2" name="TC003" time="2.627"/>
  <testcase classname="com.OrangeHRM.TS2" name="TC004" time="2.475"/>
  <testcase classname="com.OrangeHRM.TS3" name="TC001" time="0.601"/>
  <testcase classname="com.OrangeHRM.TS3" name="TC002" time="0.581"/>
  <testcase classname="com.OrangeHRM.TS3" name="TC003" time="0.593"/>
  <testcase classname="com.OrangeHRM.TS3" name="TC004" time="0.661"/>
  <testcase classname="com.OrangeHRM.TS3" name="TC005" time="0.616"/>
  <testcase classname="com.OrangeHRM.TS3" name="TC006" time="0.5"/>
  <testcase classname="com.OrangeHRM.TS3" name="TC007" time="4.894"/>
  <testcase classname="com.OrangeHRM.TS3" name="TC008" time="1.828"/>
  <testcase classname="com.OrangeHRM.TS3" name="TC009" time="2.959"/>
  <testcase classname="com.OrangeHRM.TS3" name="TC010" time="5.02"/>
  <testcase classname="com.OrangeHRM.TS3" name="TC011" time="2.347"/>
  <testcase classname="com.OrangeHRM.TS3" name="TC012" time="3.538"/>
  <testcase classname="com.OrangeHRM.TS4" name="TC001" time="0.531"/>
  <testcase classname="com.OrangeHRM.TS4" name="TC002" time="0.386"/>
  <testcase classname="com.OrangeHRM.TS4" name="TC003" time="5.064"/>
  <testcase classname="com.OrangeHRM.TS4" name="TC004" time="1.412"/>
  <testcase classname="com.OrangeHRM.TS4" name="TC005" time="4.505"/>
  <testcase classname="com.OrangeHRM.TS4" name="TC006" time="2.46"/>
  <testcase classname="com.OrangeHRM.TS4" name="TC007" time="2.425"/>
  <testcase classname="com.OrangeHRM.TS4" name="TC008" time="4.804"/>
  <testcase classname="com.OrangeHRM.TS5" name="TC001" time="0.013"/>
  <testcase classname="com.OrangeHRM.TS5" name="TC002" time="1.027"/>
  <testcase classname="com.OrangeHRM.TS5" name="TC003" time="1.512"/>
  <testcase classname="com.OrangeHRM.TS5" name="TC004" time="1.901"/>
  <testcase classname="com.OrangeHRM.TS5" name="TC005" time="6.007"/>
  <testcase classname="com.OrangeHRM.TS5" name="TC006" time="1.979"/>
  <testcase classname="com.OrangeHRM.TS5" name="TC007" time="3.383"/>
  <testcase classname="com.OrangeHRM.TS5" name="TC008" time="4.456"/>
  <testcase classname="com.OrangeHRM.TS6" name="TC001" time="0.395"/>
  <testcase classname="com.OrangeHRM.TS6" name="TC002" time="0.43"/>
  <testcase classname="com.OrangeHRM.TS6" name="TC003" time="1.557"/>
  <testcase classname="com.OrangeHRM.TS6" name="TC004" time="3.395"/>
  <testcase classname="com.OrangeHRM.TS6" name="TC005" time="1.959"/>
  <testcase classname="com.OrangeHRM.TS6" name="TC006" time="3.399"/>
  <testcase classname="com.OrangeHRM.TS6" name="TC007" time="4.379"/>
  <testcase classname="com.OrangeHRM.TS7" name="TC001" time="0.385"/>
  <testcase classname="com.OrangeHRM.TS7" name="TC002" time="0.439"/>
  <testcase classname="com.OrangeHRM.TS7" name="TC003" time="1.419"/>
  <testcase classname="com.OrangeHRM.TS7" name="TC004" time="3.469"/>
  <testcase classname="com.OrangeHRM.TS7" name="TC005" time="2.091"/>
  <testcase classname="com.OrangeHRM.TS7" name="TC006" time="4.524"/>
</testsuite> <!-- My Test -->
