<?xml version="1.0" encoding="UTF-8"?>
<testng-results ignored="0" total="50" passed="50" failed="0" skipped="0">
  <reporter-output>
  </reporter-output>
  <suite started-at="2023-05-02T23:01:18 IST" name="Test Suite" finished-at="2023-05-02T23:06:12 IST" duration-ms="293860">
    <groups>
    </groups>
    <test started-at="2023-05-02T23:01:18 IST" name="My Test" finished-at="2023-05-02T23:06:12 IST" duration-ms="293860">
      <class name="com.OrangeHRM.TS1">
        <test-method is-config="true" signature="Launch()[pri:0, instance:com.OrangeHRM.TS1@78b66d36]" started-at="2023-05-02T23:01:18 IST" name="Launch" finished-at="2023-05-02T23:01:30 IST" duration-ms="12554" status="PASS">
          <reporter-output>
          </reporter-output>
        </test-method> <!-- Launch -->
        <test-method signature="Test1()[pri:1, instance:com.OrangeHRM.TS1@78b66d36]" started-at="2023-05-02T23:01:30 IST" name="Test1" finished-at="2023-05-02T23:01:30 IST" duration-ms="25" status="PASS">
          <reporter-output>
          </reporter-output>
        </test-method> <!-- Test1 -->
        <test-method signature="Test2()[pri:2, instance:com.OrangeHRM.TS1@78b66d36]" started-at="2023-05-02T23:01:30 IST" name="Test2" finished-at="2023-05-02T23:01:36 IST" duration-ms="5729" status="PASS">
          <reporter-output>
          </reporter-output>
        </test-method> <!-- Test2 -->
        <test-method signature="Test3()[pri:3, instance:com.OrangeHRM.TS1@78b66d36]" started-at="2023-05-02T23:01:36 IST" name="Test3" finished-at="2023-05-02T23:01:36 IST" duration-ms="64" status="PASS">
          <reporter-output>
          </reporter-output>
        </test-method> <!-- Test3 -->
        <test-method signature="Test4()[pri:4, instance:com.OrangeHRM.TS1@78b66d36]" started-at="2023-05-02T23:01:36 IST" name="Test4" finished-at="2023-05-02T23:01:36 IST" duration-ms="65" status="PASS">
          <reporter-output>
          </reporter-output>
        </test-method> <!-- Test4 -->
        <test-method signature="Test5()[pri:5, instance:com.OrangeHRM.TS1@78b66d36]" started-at="2023-05-02T23:01:36 IST" name="Test5" finished-at="2023-05-02T23:01:36 IST" duration-ms="72" status="PASS">
          <reporter-output>
          </reporter-output>
        </test-method> <!-- Test5 -->
        <test-method is-config="true" signature="Close()[pri:0, instance:com.OrangeHRM.TS1@78b66d36]" started-at="2023-05-02T23:01:36 IST" name="Close" finished-at="2023-05-02T23:01:37 IST" duration-ms="270" status="PASS">
          <reporter-output>
          </reporter-output>
        </test-method> <!-- Close -->
      </class> <!-- com.OrangeHRM.TS1 -->
      <class name="com.OrangeHRM.TS2">
        <test-method is-config="true" signature="launch()[pri:0, instance:com.OrangeHRM.TS2@2473d930]" started-at="2023-05-02T23:01:37 IST" name="launch" finished-at="2023-05-02T23:01:48 IST" duration-ms="11665" status="PASS">
          <reporter-output>
          </reporter-output>
        </test-method> <!-- launch -->
        <test-method signature="TC001()[pri:1, instance:com.OrangeHRM.TS2@2473d930]" started-at="2023-05-02T23:01:48 IST" name="TC001" finished-at="2023-05-02T23:01:51 IST" duration-ms="2510" status="PASS">
          <reporter-output>
          </reporter-output>
        </test-method> <!-- TC001 -->
        <test-method is-config="true" signature="close()[pri:0, instance:com.OrangeHRM.TS2@2473d930]" started-at="2023-05-02T23:01:51 IST" name="close" finished-at="2023-05-02T23:01:51 IST" duration-ms="160" status="PASS">
          <reporter-output>
          </reporter-output>
        </test-method> <!-- close -->
        <test-method is-config="true" signature="launch()[pri:0, instance:com.OrangeHRM.TS2@2473d930]" started-at="2023-05-02T23:01:51 IST" name="launch" finished-at="2023-05-02T23:02:05 IST" duration-ms="13670" status="PASS">
          <reporter-output>
          </reporter-output>
        </test-method> <!-- launch -->
        <test-method signature="TC002()[pri:2, instance:com.OrangeHRM.TS2@2473d930]" started-at="2023-05-02T23:02:05 IST" name="TC002" finished-at="2023-05-02T23:02:07 IST" duration-ms="2500" status="PASS">
          <reporter-output>
          </reporter-output>
        </test-method> <!-- TC002 -->
        <test-method is-config="true" signature="close()[pri:0, instance:com.OrangeHRM.TS2@2473d930]" started-at="2023-05-02T23:02:07 IST" name="close" finished-at="2023-05-02T23:02:07 IST" duration-ms="129" status="PASS">
          <reporter-output>
          </reporter-output>
        </test-method> <!-- close -->
        <test-method is-config="true" signature="launch()[pri:0, instance:com.OrangeHRM.TS2@2473d930]" started-at="2023-05-02T23:02:07 IST" name="launch" finished-at="2023-05-02T23:02:19 IST" duration-ms="11807" status="PASS">
          <reporter-output>
          </reporter-output>
        </test-method> <!-- launch -->
        <test-method signature="TC003()[pri:3, instance:com.OrangeHRM.TS2@2473d930]" started-at="2023-05-02T23:02:19 IST" name="TC003" finished-at="2023-05-02T23:02:22 IST" duration-ms="2627" status="PASS">
          <reporter-output>
          </reporter-output>
        </test-method> <!-- TC003 -->
        <test-method is-config="true" signature="close()[pri:0, instance:com.OrangeHRM.TS2@2473d930]" started-at="2023-05-02T23:02:22 IST" name="close" finished-at="2023-05-02T23:02:22 IST" duration-ms="126" status="PASS">
          <reporter-output>
          </reporter-output>
        </test-method> <!-- close -->
        <test-method is-config="true" signature="launch()[pri:0, instance:com.OrangeHRM.TS2@2473d930]" started-at="2023-05-02T23:02:22 IST" name="launch" finished-at="2023-05-02T23:02:31 IST" duration-ms="8760" status="PASS">
          <reporter-output>
          </reporter-output>
        </test-method> <!-- launch -->
        <test-method signature="TC004()[pri:4, instance:com.OrangeHRM.TS2@2473d930]" started-at="2023-05-02T23:02:31 IST" name="TC004" finished-at="2023-05-02T23:02:33 IST" duration-ms="2475" status="PASS">
          <reporter-output>
          </reporter-output>
        </test-method> <!-- TC004 -->
        <test-method is-config="true" signature="close()[pri:0, instance:com.OrangeHRM.TS2@2473d930]" started-at="2023-05-02T23:02:33 IST" name="close" finished-at="2023-05-02T23:02:33 IST" duration-ms="131" status="PASS">
          <reporter-output>
          </reporter-output>
        </test-method> <!-- close -->
      </class> <!-- com.OrangeHRM.TS2 -->
      <class name="com.OrangeHRM.TS3">
        <test-method is-config="true" signature="launch()[pri:0, instance:com.OrangeHRM.TS3@35047d03]" started-at="2023-05-02T23:02:33 IST" name="launch" finished-at="2023-05-02T23:02:44 IST" duration-ms="10421" status="PASS">
          <reporter-output>
          </reporter-output>
        </test-method> <!-- launch -->
        <test-method is-config="true" signature="adminUM()[pri:0, instance:com.OrangeHRM.TS3@35047d03]" started-at="2023-05-02T23:02:44 IST" name="adminUM" finished-at="2023-05-02T23:02:46 IST" duration-ms="1952" status="PASS">
          <reporter-output>
          </reporter-output>
        </test-method> <!-- adminUM -->
        <test-method signature="TC001()[pri:1, instance:com.OrangeHRM.TS3@35047d03]" started-at="2023-05-02T23:02:46 IST" name="TC001" finished-at="2023-05-02T23:02:46 IST" duration-ms="601" status="PASS">
          <reporter-output>
          </reporter-output>
        </test-method> <!-- TC001 -->
        <test-method is-config="true" signature="adminUM()[pri:0, instance:com.OrangeHRM.TS3@35047d03]" started-at="2023-05-02T23:02:46 IST" name="adminUM" finished-at="2023-05-02T23:02:47 IST" duration-ms="1091" status="PASS">
          <reporter-output>
          </reporter-output>
        </test-method> <!-- adminUM -->
        <test-method signature="TC002()[pri:2, instance:com.OrangeHRM.TS3@35047d03]" started-at="2023-05-02T23:02:47 IST" name="TC002" finished-at="2023-05-02T23:02:48 IST" duration-ms="581" status="PASS">
          <reporter-output>
          </reporter-output>
        </test-method> <!-- TC002 -->
        <test-method is-config="true" signature="adminUM()[pri:0, instance:com.OrangeHRM.TS3@35047d03]" started-at="2023-05-02T23:02:48 IST" name="adminUM" finished-at="2023-05-02T23:02:49 IST" duration-ms="910" status="PASS">
          <reporter-output>
          </reporter-output>
        </test-method> <!-- adminUM -->
        <test-method signature="TC003()[pri:3, instance:com.OrangeHRM.TS3@35047d03]" started-at="2023-05-02T23:02:49 IST" name="TC003" finished-at="2023-05-02T23:02:49 IST" duration-ms="593" status="PASS">
          <reporter-output>
          </reporter-output>
        </test-method> <!-- TC003 -->
        <test-method is-config="true" signature="adminUM()[pri:0, instance:com.OrangeHRM.TS3@35047d03]" started-at="2023-05-02T23:02:49 IST" name="adminUM" finished-at="2023-05-02T23:02:51 IST" duration-ms="1223" status="PASS">
          <reporter-output>
          </reporter-output>
        </test-method> <!-- adminUM -->
        <test-method signature="TC004()[pri:4, instance:com.OrangeHRM.TS3@35047d03]" started-at="2023-05-02T23:02:51 IST" name="TC004" finished-at="2023-05-02T23:02:51 IST" duration-ms="661" status="PASS">
          <reporter-output>
          </reporter-output>
        </test-method> <!-- TC004 -->
        <test-method is-config="true" signature="adminUM()[pri:0, instance:com.OrangeHRM.TS3@35047d03]" started-at="2023-05-02T23:02:51 IST" name="adminUM" finished-at="2023-05-02T23:02:52 IST" duration-ms="1059" status="PASS">
          <reporter-output>
          </reporter-output>
        </test-method> <!-- adminUM -->
        <test-method signature="TC005()[pri:5, instance:com.OrangeHRM.TS3@35047d03]" started-at="2023-05-02T23:02:52 IST" name="TC005" finished-at="2023-05-02T23:02:53 IST" duration-ms="616" status="PASS">
          <reporter-output>
          </reporter-output>
        </test-method> <!-- TC005 -->
        <test-method is-config="true" signature="adminUM()[pri:0, instance:com.OrangeHRM.TS3@35047d03]" started-at="2023-05-02T23:02:53 IST" name="adminUM" finished-at="2023-05-02T23:02:54 IST" duration-ms="1022" status="PASS">
          <reporter-output>
          </reporter-output>
        </test-method> <!-- adminUM -->
        <test-method signature="TC006()[pri:6, instance:com.OrangeHRM.TS3@35047d03]" started-at="2023-05-02T23:02:54 IST" name="TC006" finished-at="2023-05-02T23:02:54 IST" duration-ms="500" status="PASS">
          <reporter-output>
          </reporter-output>
        </test-method> <!-- TC006 -->
        <test-method is-config="true" signature="adminUM()[pri:0, instance:com.OrangeHRM.TS3@35047d03]" started-at="2023-05-02T23:02:54 IST" name="adminUM" finished-at="2023-05-02T23:02:55 IST" duration-ms="1033" status="PASS">
          <reporter-output>
          </reporter-output>
        </test-method> <!-- adminUM -->
        <test-method signature="TC007()[pri:7, instance:com.OrangeHRM.TS3@35047d03]" started-at="2023-05-02T23:02:55 IST" name="TC007" finished-at="2023-05-02T23:03:00 IST" duration-ms="4894" status="PASS">
          <reporter-output>
          </reporter-output>
        </test-method> <!-- TC007 -->
        <test-method is-config="true" signature="adminUM()[pri:0, instance:com.OrangeHRM.TS3@35047d03]" started-at="2023-05-02T23:03:00 IST" name="adminUM" finished-at="2023-05-02T23:03:01 IST" duration-ms="971" status="PASS">
          <reporter-output>
          </reporter-output>
        </test-method> <!-- adminUM -->
        <test-method signature="TC008()[pri:8, instance:com.OrangeHRM.TS3@35047d03]" started-at="2023-05-02T23:03:01 IST" name="TC008" finished-at="2023-05-02T23:03:03 IST" duration-ms="1828" status="PASS">
          <reporter-output>
          </reporter-output>
        </test-method> <!-- TC008 -->
        <test-method is-config="true" signature="adminUM()[pri:0, instance:com.OrangeHRM.TS3@35047d03]" started-at="2023-05-02T23:03:03 IST" name="adminUM" finished-at="2023-05-02T23:03:04 IST" duration-ms="1198" status="PASS">
          <reporter-output>
          </reporter-output>
        </test-method> <!-- adminUM -->
        <test-method signature="TC009()[pri:9, instance:com.OrangeHRM.TS3@35047d03]" started-at="2023-05-02T23:03:04 IST" name="TC009" finished-at="2023-05-02T23:03:07 IST" duration-ms="2959" status="PASS">
          <reporter-output>
          </reporter-output>
        </test-method> <!-- TC009 -->
        <test-method is-config="true" signature="adminUM()[pri:0, instance:com.OrangeHRM.TS3@35047d03]" started-at="2023-05-02T23:03:07 IST" name="adminUM" finished-at="2023-05-02T23:03:09 IST" duration-ms="1161" status="PASS">
          <reporter-output>
          </reporter-output>
        </test-method> <!-- adminUM -->
        <test-method signature="TC010()[pri:10, instance:com.OrangeHRM.TS3@35047d03]" started-at="2023-05-02T23:03:09 IST" name="TC010" finished-at="2023-05-02T23:03:14 IST" duration-ms="5020" status="PASS">
          <reporter-output>
          </reporter-output>
        </test-method> <!-- TC010 -->
        <test-method is-config="true" signature="adminUM()[pri:0, instance:com.OrangeHRM.TS3@35047d03]" started-at="2023-05-02T23:03:14 IST" name="adminUM" finished-at="2023-05-02T23:03:15 IST" duration-ms="1317" status="PASS">
          <reporter-output>
          </reporter-output>
        </test-method> <!-- adminUM -->
        <test-method signature="TC011()[pri:11, instance:com.OrangeHRM.TS3@35047d03]" started-at="2023-05-02T23:03:15 IST" name="TC011" finished-at="2023-05-02T23:03:17 IST" duration-ms="2347" status="PASS">
          <reporter-output>
          </reporter-output>
        </test-method> <!-- TC011 -->
        <test-method is-config="true" signature="adminUM()[pri:0, instance:com.OrangeHRM.TS3@35047d03]" started-at="2023-05-02T23:03:17 IST" name="adminUM" finished-at="2023-05-02T23:03:19 IST" duration-ms="1556" status="PASS">
          <reporter-output>
          </reporter-output>
        </test-method> <!-- adminUM -->
        <test-method signature="TC012()[pri:12, instance:com.OrangeHRM.TS3@35047d03]" started-at="2023-05-02T23:03:19 IST" name="TC012" finished-at="2023-05-02T23:03:22 IST" duration-ms="3538" status="PASS">
          <reporter-output>
          </reporter-output>
        </test-method> <!-- TC012 -->
        <test-method is-config="true" signature="close()[pri:0, instance:com.OrangeHRM.TS3@35047d03]" started-at="2023-05-02T23:03:22 IST" name="close" finished-at="2023-05-02T23:03:23 IST" duration-ms="317" status="PASS">
          <reporter-output>
          </reporter-output>
        </test-method> <!-- close -->
      </class> <!-- com.OrangeHRM.TS3 -->
      <class name="com.OrangeHRM.TS4">
        <test-method is-config="true" signature="Launch()[pri:0, instance:com.OrangeHRM.TS4@49b0b76]" started-at="2023-05-02T23:03:23 IST" name="Launch" finished-at="2023-05-02T23:03:35 IST" duration-ms="12744" status="PASS">
          <reporter-output>
          </reporter-output>
        </test-method> <!-- Launch -->
        <test-method is-config="true" signature="jobtitle()[pri:0, instance:com.OrangeHRM.TS4@49b0b76]" started-at="2023-05-02T23:03:35 IST" name="jobtitle" finished-at="2023-05-02T23:03:38 IST" duration-ms="3041" status="PASS">
          <reporter-output>
          </reporter-output>
        </test-method> <!-- jobtitle -->
        <test-method signature="TC001()[pri:1, instance:com.OrangeHRM.TS4@49b0b76]" started-at="2023-05-02T23:03:38 IST" name="TC001" finished-at="2023-05-02T23:03:39 IST" duration-ms="531" status="PASS">
          <reporter-output>
          </reporter-output>
        </test-method> <!-- TC001 -->
        <test-method is-config="true" signature="jobtitle()[pri:0, instance:com.OrangeHRM.TS4@49b0b76]" started-at="2023-05-02T23:03:39 IST" name="jobtitle" finished-at="2023-05-02T23:03:41 IST" duration-ms="2030" status="PASS">
          <reporter-output>
          </reporter-output>
        </test-method> <!-- jobtitle -->
        <test-method signature="TC002()[pri:2, instance:com.OrangeHRM.TS4@49b0b76]" started-at="2023-05-02T23:03:41 IST" name="TC002" finished-at="2023-05-02T23:03:41 IST" duration-ms="386" status="PASS">
          <reporter-output>
          </reporter-output>
        </test-method> <!-- TC002 -->
        <test-method is-config="true" signature="jobtitle()[pri:0, instance:com.OrangeHRM.TS4@49b0b76]" started-at="2023-05-02T23:03:41 IST" name="jobtitle" finished-at="2023-05-02T23:03:43 IST" duration-ms="1932" status="PASS">
          <reporter-output>
          </reporter-output>
        </test-method> <!-- jobtitle -->
        <test-method signature="TC003()[pri:3, instance:com.OrangeHRM.TS4@49b0b76]" started-at="2023-05-02T23:03:43 IST" name="TC003" finished-at="2023-05-02T23:03:48 IST" duration-ms="5064" status="PASS">
          <reporter-output>
          </reporter-output>
        </test-method> <!-- TC003 -->
        <test-method is-config="true" signature="jobtitle()[pri:0, instance:com.OrangeHRM.TS4@49b0b76]" started-at="2023-05-02T23:03:48 IST" name="jobtitle" finished-at="2023-05-02T23:03:51 IST" duration-ms="2637" status="PASS">
          <reporter-output>
          </reporter-output>
        </test-method> <!-- jobtitle -->
        <test-method signature="TC004()[pri:4, instance:com.OrangeHRM.TS4@49b0b76]" started-at="2023-05-02T23:03:51 IST" name="TC004" finished-at="2023-05-02T23:03:52 IST" duration-ms="1412" status="PASS">
          <reporter-output>
          </reporter-output>
        </test-method> <!-- TC004 -->
        <test-method is-config="true" signature="jobtitle()[pri:0, instance:com.OrangeHRM.TS4@49b0b76]" started-at="2023-05-02T23:03:52 IST" name="jobtitle" finished-at="2023-05-02T23:03:55 IST" duration-ms="2243" status="PASS">
          <reporter-output>
          </reporter-output>
        </test-method> <!-- jobtitle -->
        <test-method signature="TC005()[pri:5, instance:com.OrangeHRM.TS4@49b0b76]" started-at="2023-05-02T23:03:55 IST" name="TC005" finished-at="2023-05-02T23:03:59 IST" duration-ms="4505" status="PASS">
          <reporter-output>
          </reporter-output>
        </test-method> <!-- TC005 -->
        <test-method is-config="true" signature="jobtitle()[pri:0, instance:com.OrangeHRM.TS4@49b0b76]" started-at="2023-05-02T23:03:59 IST" name="jobtitle" finished-at="2023-05-02T23:04:02 IST" duration-ms="2440" status="PASS">
          <reporter-output>
          </reporter-output>
        </test-method> <!-- jobtitle -->
        <test-method signature="TC006()[pri:6, instance:com.OrangeHRM.TS4@49b0b76]" started-at="2023-05-02T23:04:02 IST" name="TC006" finished-at="2023-05-02T23:04:04 IST" duration-ms="2460" status="PASS">
          <reporter-output>
          </reporter-output>
        </test-method> <!-- TC006 -->
        <test-method is-config="true" signature="jobtitle()[pri:0, instance:com.OrangeHRM.TS4@49b0b76]" started-at="2023-05-02T23:04:04 IST" name="jobtitle" finished-at="2023-05-02T23:04:07 IST" duration-ms="2493" status="PASS">
          <reporter-output>
          </reporter-output>
        </test-method> <!-- jobtitle -->
        <test-method signature="TC007()[pri:7, instance:com.OrangeHRM.TS4@49b0b76]" started-at="2023-05-02T23:04:07 IST" name="TC007" finished-at="2023-05-02T23:04:09 IST" duration-ms="2425" status="PASS">
          <reporter-output>
          </reporter-output>
        </test-method> <!-- TC007 -->
        <test-method is-config="true" signature="jobtitle()[pri:0, instance:com.OrangeHRM.TS4@49b0b76]" started-at="2023-05-02T23:04:09 IST" name="jobtitle" finished-at="2023-05-02T23:04:12 IST" duration-ms="3212" status="PASS">
          <reporter-output>
          </reporter-output>
        </test-method> <!-- jobtitle -->
        <test-method signature="TC008()[pri:8, instance:com.OrangeHRM.TS4@49b0b76]" started-at="2023-05-02T23:04:12 IST" name="TC008" finished-at="2023-05-02T23:04:17 IST" duration-ms="4804" status="PASS">
          <reporter-output>
          </reporter-output>
        </test-method> <!-- TC008 -->
        <test-method is-config="true" signature="close()[pri:0, instance:com.OrangeHRM.TS4@49b0b76]" started-at="2023-05-02T23:04:17 IST" name="close" finished-at="2023-05-02T23:04:17 IST" duration-ms="246" status="PASS">
          <reporter-output>
          </reporter-output>
        </test-method> <!-- close -->
      </class> <!-- com.OrangeHRM.TS4 -->
      <class name="com.OrangeHRM.TS5">
        <test-method is-config="true" signature="setUp()[pri:0, instance:com.OrangeHRM.TS5@769f71a9]" started-at="2023-05-02T23:04:17 IST" name="setUp" finished-at="2023-05-02T23:04:40 IST" duration-ms="22673" status="PASS">
          <reporter-output>
          </reporter-output>
        </test-method> <!-- setUp -->
        <test-method is-config="true" signature="topaygrades()[pri:0, instance:com.OrangeHRM.TS5@769f71a9]" started-at="2023-05-02T23:04:40 IST" name="topaygrades" finished-at="2023-05-02T23:04:41 IST" duration-ms="1147" status="PASS">
          <reporter-output>
          </reporter-output>
        </test-method> <!-- topaygrades -->
        <test-method signature="TC001()[pri:1, instance:com.OrangeHRM.TS5@769f71a9]" started-at="2023-05-02T23:04:41 IST" name="TC001" finished-at="2023-05-02T23:04:41 IST" duration-ms="13" status="PASS">
          <reporter-output>
          </reporter-output>
        </test-method> <!-- TC001 -->
        <test-method is-config="true" signature="topaygrades()[pri:0, instance:com.OrangeHRM.TS5@769f71a9]" started-at="2023-05-02T23:04:41 IST" name="topaygrades" finished-at="2023-05-02T23:04:42 IST" duration-ms="1014" status="PASS">
          <reporter-output>
          </reporter-output>
        </test-method> <!-- topaygrades -->
        <test-method signature="TC002()[pri:2, instance:com.OrangeHRM.TS5@769f71a9]" started-at="2023-05-02T23:04:42 IST" name="TC002" finished-at="2023-05-02T23:04:43 IST" duration-ms="1027" status="PASS">
          <reporter-output>
          </reporter-output>
        </test-method> <!-- TC002 -->
        <test-method is-config="true" signature="topaygrades()[pri:0, instance:com.OrangeHRM.TS5@769f71a9]" started-at="2023-05-02T23:04:43 IST" name="topaygrades" finished-at="2023-05-02T23:04:44 IST" duration-ms="618" status="PASS">
          <reporter-output>
          </reporter-output>
        </test-method> <!-- topaygrades -->
        <test-method signature="TC003()[pri:3, instance:com.OrangeHRM.TS5@769f71a9]" started-at="2023-05-02T23:04:44 IST" name="TC003" finished-at="2023-05-02T23:04:45 IST" duration-ms="1512" status="PASS">
          <reporter-output>
          </reporter-output>
        </test-method> <!-- TC003 -->
        <test-method is-config="true" signature="topaygrades()[pri:0, instance:com.OrangeHRM.TS5@769f71a9]" started-at="2023-05-02T23:04:45 IST" name="topaygrades" finished-at="2023-05-02T23:04:46 IST" duration-ms="600" status="PASS">
          <reporter-output>
          </reporter-output>
        </test-method> <!-- topaygrades -->
        <test-method signature="TC004()[pri:4, instance:com.OrangeHRM.TS5@769f71a9]" started-at="2023-05-02T23:04:46 IST" name="TC004" finished-at="2023-05-02T23:04:48 IST" duration-ms="1901" status="PASS">
          <reporter-output>
          </reporter-output>
        </test-method> <!-- TC004 -->
        <test-method is-config="true" signature="topaygrades()[pri:0, instance:com.OrangeHRM.TS5@769f71a9]" started-at="2023-05-02T23:04:48 IST" name="topaygrades" finished-at="2023-05-02T23:04:48 IST" duration-ms="594" status="PASS">
          <reporter-output>
          </reporter-output>
        </test-method> <!-- topaygrades -->
        <test-method signature="TC005()[pri:5, instance:com.OrangeHRM.TS5@769f71a9]" started-at="2023-05-02T23:04:48 IST" name="TC005" finished-at="2023-05-02T23:04:54 IST" duration-ms="6007" status="PASS">
          <reporter-output>
          </reporter-output>
        </test-method> <!-- TC005 -->
        <test-method is-config="true" signature="topaygrades()[pri:0, instance:com.OrangeHRM.TS5@769f71a9]" started-at="2023-05-02T23:04:54 IST" name="topaygrades" finished-at="2023-05-02T23:04:55 IST" duration-ms="626" status="PASS">
          <reporter-output>
          </reporter-output>
        </test-method> <!-- topaygrades -->
        <test-method signature="TC006()[pri:6, instance:com.OrangeHRM.TS5@769f71a9]" started-at="2023-05-02T23:04:55 IST" name="TC006" finished-at="2023-05-02T23:04:57 IST" duration-ms="1979" status="PASS">
          <reporter-output>
          </reporter-output>
        </test-method> <!-- TC006 -->
        <test-method is-config="true" signature="topaygrades()[pri:0, instance:com.OrangeHRM.TS5@769f71a9]" started-at="2023-05-02T23:04:57 IST" name="topaygrades" finished-at="2023-05-02T23:04:58 IST" duration-ms="582" status="PASS">
          <reporter-output>
          </reporter-output>
        </test-method> <!-- topaygrades -->
        <test-method signature="TC007()[pri:7, instance:com.OrangeHRM.TS5@769f71a9]" started-at="2023-05-02T23:04:58 IST" name="TC007" finished-at="2023-05-02T23:05:01 IST" duration-ms="3383" status="PASS">
          <reporter-output>
          </reporter-output>
        </test-method> <!-- TC007 -->
        <test-method is-config="true" signature="topaygrades()[pri:0, instance:com.OrangeHRM.TS5@769f71a9]" started-at="2023-05-02T23:05:01 IST" name="topaygrades" finished-at="2023-05-02T23:05:02 IST" duration-ms="623" status="PASS">
          <reporter-output>
          </reporter-output>
        </test-method> <!-- topaygrades -->
        <test-method signature="TC008()[pri:8, instance:com.OrangeHRM.TS5@769f71a9]" started-at="2023-05-02T23:05:02 IST" name="TC008" finished-at="2023-05-02T23:05:06 IST" duration-ms="4456" status="PASS">
          <reporter-output>
          </reporter-output>
        </test-method> <!-- TC008 -->
        <test-method is-config="true" signature="close()[pri:0, instance:com.OrangeHRM.TS5@769f71a9]" started-at="2023-05-02T23:05:06 IST" name="close" finished-at="2023-05-02T23:05:06 IST" duration-ms="265" status="PASS">
          <reporter-output>
          </reporter-output>
        </test-method> <!-- close -->
      </class> <!-- com.OrangeHRM.TS5 -->
      <class name="com.OrangeHRM.TS6">
        <test-method is-config="true" signature="setUp()[pri:0, instance:com.OrangeHRM.TS6@4c9f8c13]" started-at="2023-05-02T23:05:06 IST" name="setUp" finished-at="2023-05-02T23:05:18 IST" duration-ms="11425" status="PASS">
          <reporter-output>
          </reporter-output>
        </test-method> <!-- setUp -->
        <test-method is-config="true" signature="toempstatus()[pri:0, instance:com.OrangeHRM.TS6@4c9f8c13]" started-at="2023-05-02T23:05:18 IST" name="toempstatus" finished-at="2023-05-02T23:05:19 IST" duration-ms="1179" status="PASS">
          <reporter-output>
          </reporter-output>
        </test-method> <!-- toempstatus -->
        <test-method signature="TC001()[pri:1, instance:com.OrangeHRM.TS6@4c9f8c13]" started-at="2023-05-02T23:05:19 IST" name="TC001" finished-at="2023-05-02T23:05:19 IST" duration-ms="395" status="PASS">
          <reporter-output>
          </reporter-output>
        </test-method> <!-- TC001 -->
        <test-method is-config="true" signature="toempstatus()[pri:0, instance:com.OrangeHRM.TS6@4c9f8c13]" started-at="2023-05-02T23:05:19 IST" name="toempstatus" finished-at="2023-05-02T23:05:20 IST" duration-ms="553" status="PASS">
          <reporter-output>
          </reporter-output>
        </test-method> <!-- toempstatus -->
        <test-method signature="TC002()[pri:2, instance:com.OrangeHRM.TS6@4c9f8c13]" started-at="2023-05-02T23:05:20 IST" name="TC002" finished-at="2023-05-02T23:05:20 IST" duration-ms="430" status="PASS">
          <reporter-output>
          </reporter-output>
        </test-method> <!-- TC002 -->
        <test-method is-config="true" signature="toempstatus()[pri:0, instance:com.OrangeHRM.TS6@4c9f8c13]" started-at="2023-05-02T23:05:20 IST" name="toempstatus" finished-at="2023-05-02T23:05:21 IST" duration-ms="647" status="PASS">
          <reporter-output>
          </reporter-output>
        </test-method> <!-- toempstatus -->
        <test-method signature="TC003()[pri:3, instance:com.OrangeHRM.TS6@4c9f8c13]" started-at="2023-05-02T23:05:21 IST" name="TC003" finished-at="2023-05-02T23:05:22 IST" duration-ms="1557" status="PASS">
          <reporter-output>
          </reporter-output>
        </test-method> <!-- TC003 -->
        <test-method is-config="true" signature="toempstatus()[pri:0, instance:com.OrangeHRM.TS6@4c9f8c13]" started-at="2023-05-02T23:05:22 IST" name="toempstatus" finished-at="2023-05-02T23:05:23 IST" duration-ms="626" status="PASS">
          <reporter-output>
          </reporter-output>
        </test-method> <!-- toempstatus -->
        <test-method signature="TC004()[pri:4, instance:com.OrangeHRM.TS6@4c9f8c13]" started-at="2023-05-02T23:05:23 IST" name="TC004" finished-at="2023-05-02T23:05:26 IST" duration-ms="3395" status="PASS">
          <reporter-output>
          </reporter-output>
        </test-method> <!-- TC004 -->
        <test-method is-config="true" signature="toempstatus()[pri:0, instance:com.OrangeHRM.TS6@4c9f8c13]" started-at="2023-05-02T23:05:26 IST" name="toempstatus" finished-at="2023-05-02T23:05:27 IST" duration-ms="656" status="PASS">
          <reporter-output>
          </reporter-output>
        </test-method> <!-- toempstatus -->
        <test-method signature="TC005()[pri:5, instance:com.OrangeHRM.TS6@4c9f8c13]" started-at="2023-05-02T23:05:27 IST" name="TC005" finished-at="2023-05-02T23:05:29 IST" duration-ms="1959" status="PASS">
          <reporter-output>
          </reporter-output>
        </test-method> <!-- TC005 -->
        <test-method is-config="true" signature="toempstatus()[pri:0, instance:com.OrangeHRM.TS6@4c9f8c13]" started-at="2023-05-02T23:05:29 IST" name="toempstatus" finished-at="2023-05-02T23:05:30 IST" duration-ms="594" status="PASS">
          <reporter-output>
          </reporter-output>
        </test-method> <!-- toempstatus -->
        <test-method signature="TC006()[pri:6, instance:com.OrangeHRM.TS6@4c9f8c13]" started-at="2023-05-02T23:05:30 IST" name="TC006" finished-at="2023-05-02T23:05:33 IST" duration-ms="3399" status="PASS">
          <reporter-output>
          </reporter-output>
        </test-method> <!-- TC006 -->
        <test-method is-config="true" signature="toempstatus()[pri:0, instance:com.OrangeHRM.TS6@4c9f8c13]" started-at="2023-05-02T23:05:33 IST" name="toempstatus" finished-at="2023-05-02T23:05:34 IST" duration-ms="1323" status="PASS">
          <reporter-output>
          </reporter-output>
        </test-method> <!-- toempstatus -->
        <test-method signature="TC007()[pri:7, instance:com.OrangeHRM.TS6@4c9f8c13]" started-at="2023-05-02T23:05:34 IST" name="TC007" finished-at="2023-05-02T23:05:39 IST" duration-ms="4379" status="PASS">
          <reporter-output>
          </reporter-output>
        </test-method> <!-- TC007 -->
        <test-method is-config="true" signature="close()[pri:0, instance:com.OrangeHRM.TS6@4c9f8c13]" started-at="2023-05-02T23:05:39 IST" name="close" finished-at="2023-05-02T23:05:39 IST" duration-ms="278" status="PASS">
          <reporter-output>
          </reporter-output>
        </test-method> <!-- close -->
      </class> <!-- com.OrangeHRM.TS6 -->
      <class name="com.OrangeHRM.TS7">
        <test-method is-config="true" signature="setUp()[pri:0, instance:com.OrangeHRM.TS7@5ae50ce6]" started-at="2023-05-02T23:05:39 IST" name="setUp" finished-at="2023-05-02T23:05:55 IST" duration-ms="15832" status="PASS">
          <reporter-output>
          </reporter-output>
        </test-method> <!-- setUp -->
        <test-method is-config="true" signature="tojobcategries()[pri:0, instance:com.OrangeHRM.TS7@5ae50ce6]" started-at="2023-05-02T23:05:55 IST" name="tojobcategries" finished-at="2023-05-02T23:05:56 IST" duration-ms="1149" status="PASS">
          <reporter-output>
          </reporter-output>
        </test-method> <!-- tojobcategries -->
        <test-method signature="TC001()[pri:1, instance:com.OrangeHRM.TS7@5ae50ce6]" started-at="2023-05-02T23:05:56 IST" name="TC001" finished-at="2023-05-02T23:05:56 IST" duration-ms="385" status="PASS">
          <reporter-output>
          </reporter-output>
        </test-method> <!-- TC001 -->
        <test-method is-config="true" signature="tojobcategries()[pri:0, instance:com.OrangeHRM.TS7@5ae50ce6]" started-at="2023-05-02T23:05:56 IST" name="tojobcategries" finished-at="2023-05-02T23:05:57 IST" duration-ms="580" status="PASS">
          <reporter-output>
          </reporter-output>
        </test-method> <!-- tojobcategries -->
        <test-method signature="TC002()[pri:2, instance:com.OrangeHRM.TS7@5ae50ce6]" started-at="2023-05-02T23:05:57 IST" name="TC002" finished-at="2023-05-02T23:05:57 IST" duration-ms="439" status="PASS">
          <reporter-output>
          </reporter-output>
        </test-method> <!-- TC002 -->
        <test-method is-config="true" signature="tojobcategries()[pri:0, instance:com.OrangeHRM.TS7@5ae50ce6]" started-at="2023-05-02T23:05:57 IST" name="tojobcategries" finished-at="2023-05-02T23:05:58 IST" duration-ms="680" status="PASS">
          <reporter-output>
          </reporter-output>
        </test-method> <!-- tojobcategries -->
        <test-method signature="TC003()[pri:3, instance:com.OrangeHRM.TS7@5ae50ce6]" started-at="2023-05-02T23:05:58 IST" name="TC003" finished-at="2023-05-02T23:06:00 IST" duration-ms="1419" status="PASS">
          <reporter-output>
          </reporter-output>
        </test-method> <!-- TC003 -->
        <test-method is-config="true" signature="tojobcategries()[pri:0, instance:com.OrangeHRM.TS7@5ae50ce6]" started-at="2023-05-02T23:06:00 IST" name="tojobcategries" finished-at="2023-05-02T23:06:00 IST" duration-ms="584" status="PASS">
          <reporter-output>
          </reporter-output>
        </test-method> <!-- tojobcategries -->
        <test-method signature="TC004()[pri:4, instance:com.OrangeHRM.TS7@5ae50ce6]" started-at="2023-05-02T23:06:00 IST" name="TC004" finished-at="2023-05-02T23:06:04 IST" duration-ms="3469" status="PASS">
          <reporter-output>
          </reporter-output>
        </test-method> <!-- TC004 -->
        <test-method is-config="true" signature="tojobcategries()[pri:0, instance:com.OrangeHRM.TS7@5ae50ce6]" started-at="2023-05-02T23:06:04 IST" name="tojobcategries" finished-at="2023-05-02T23:06:04 IST" duration-ms="584" status="PASS">
          <reporter-output>
          </reporter-output>
        </test-method> <!-- tojobcategries -->
        <test-method signature="TC005()[pri:5, instance:com.OrangeHRM.TS7@5ae50ce6]" started-at="2023-05-02T23:06:04 IST" name="TC005" finished-at="2023-05-02T23:06:06 IST" duration-ms="2091" status="PASS">
          <reporter-output>
          </reporter-output>
        </test-method> <!-- TC005 -->
        <test-method is-config="true" signature="tojobcategries()[pri:0, instance:com.OrangeHRM.TS7@5ae50ce6]" started-at="2023-05-02T23:06:06 IST" name="tojobcategries" finished-at="2023-05-02T23:06:07 IST" duration-ms="573" status="PASS">
          <reporter-output>
          </reporter-output>
        </test-method> <!-- tojobcategries -->
        <test-method signature="TC006()[pri:6, instance:com.OrangeHRM.TS7@5ae50ce6]" started-at="2023-05-02T23:06:07 IST" name="TC006" finished-at="2023-05-02T23:06:11 IST" duration-ms="4524" status="PASS">
          <reporter-output>
          </reporter-output>
        </test-method> <!-- TC006 -->
        <test-method is-config="true" signature="close()[pri:0, instance:com.OrangeHRM.TS7@5ae50ce6]" started-at="2023-05-02T23:06:11 IST" name="close" finished-at="2023-05-02T23:06:12 IST" duration-ms="282" status="PASS">
          <reporter-output>
          </reporter-output>
        </test-method> <!-- close -->
      </class> <!-- com.OrangeHRM.TS7 -->
    </test> <!-- My Test -->
  </suite> <!-- Test Suite -->
</testng-results>
